[2019-01-14 04:59:14] with_slim_log.INFO: Request: GET / [[]] {"uid":"9eded96"}
[2019-01-14 04:59:14] with_slim_log.INFO: Response: 200 OK [] {"uid":"9eded96"}
[2019-03-29 05:53:34] with_slim_log.INFO: Request: GET / [[]] {"uid":"d3615c6"}
[2019-03-29 05:53:34] with_slim_log.INFO: Response: 200 OK [] {"uid":"d3615c6"}
[2019-05-29 18:50:06] with_slim_log.INFO: Request: GET / [[]] {"uid":"2071284"}
[2019-05-29 18:50:06] with_slim_log.INFO: Response: 200 OK [] {"uid":"2071284"}
[2019-05-29 18:50:10] with_slim_log.INFO: Request: GET /login [[]] {"uid":"b0176c9"}
[2019-05-29 18:50:10] with_slim_log.INFO: Response: 200 OK [] {"uid":"b0176c9"}
[2019-05-29 18:50:28] with_slim_log.INFO: Request: POST /login [[]] {"uid":"72a399c"}
[2019-05-29 18:50:28] with_slim_log.INFO: Response: 302 Found [] {"uid":"72a399c"}
[2019-05-29 18:50:28] with_slim_log.INFO: Request: GET / [[]] {"uid":"be037f9"}
[2019-05-29 18:50:28] with_slim_log.INFO: Response: 200 OK [] {"uid":"be037f9"}
[2019-05-29 18:50:32] with_slim_log.INFO: Request: GET /logout [[]] {"uid":"6e43e1d"}
[2019-05-29 18:50:32] with_slim_log.INFO: Response: 302 Found [] {"uid":"6e43e1d"}
[2019-05-29 18:50:32] with_slim_log.INFO: Request: GET / [[]] {"uid":"6821766"}
[2019-05-29 18:50:32] with_slim_log.INFO: Response: 200 OK [] {"uid":"6821766"}
[2019-05-29 18:50:33] with_slim_log.INFO: Request: GET / [[]] {"uid":"796381f"}
[2019-05-29 18:50:33] with_slim_log.INFO: Response: 200 OK [] {"uid":"796381f"}
[2019-05-29 18:50:33] with_slim_log.INFO: Request: GET / [[]] {"uid":"87c5875"}
[2019-05-29 18:50:33] with_slim_log.INFO: Response: 200 OK [] {"uid":"87c5875"}
[2019-05-29 18:50:34] with_slim_log.INFO: Request: GET / [[]] {"uid":"662ee58"}
[2019-05-29 18:50:34] with_slim_log.INFO: Response: 200 OK [] {"uid":"662ee58"}
[2019-05-29 18:50:34] with_slim_log.INFO: Request: GET / [[]] {"uid":"9b16737"}
[2019-05-29 18:50:34] with_slim_log.INFO: Response: 200 OK [] {"uid":"9b16737"}
[2019-05-29 18:52:08] with_slim_log.INFO: Request: GET / [[]] {"uid":"166d862"}
[2019-05-29 18:52:18] with_slim_log.INFO: Request: GET / [[]] {"uid":"79e08f3"}
[2019-05-29 18:52:18] with_slim_log.INFO: Response: 200 OK [] {"uid":"79e08f3"}
[2019-05-29 18:52:28] with_slim_log.INFO: Request: GET / [[]] {"uid":"6a3b10e"}
[2019-05-29 18:52:46] with_slim_log.INFO: Request: GET / [[]] {"uid":"6218c93"}
[2019-05-29 18:53:03] with_slim_log.INFO: Request: GET / [[]] {"uid":"9f79f4e"}
[2019-05-29 18:53:26] with_slim_log.INFO: Request: GET / [[]] {"uid":"90acb0e"}
[2019-05-29 18:53:59] with_slim_log.INFO: Request: GET / [[]] {"uid":"351ddb0"}
[2019-05-29 18:53:59] with_slim_log.INFO: Response: 303 See Other [] {"uid":"351ddb0"}
[2019-05-29 18:53:59] with_slim_log.INFO: Request: GET /login [[]] {"uid":"3055dd9"}
[2019-05-29 18:54:08] with_slim_log.INFO: Request: GET /login [[]] {"uid":"678b4a0"}
[2019-05-29 18:54:08] with_slim_log.INFO: Response: 200 OK [] {"uid":"678b4a0"}
[2019-05-29 18:54:21] with_slim_log.INFO: Request: GET /login [[]] {"uid":"62300e6"}
[2019-05-29 18:54:38] with_slim_log.INFO: Request: GET /login [[]] {"uid":"bc13f7c"}
[2019-05-29 18:54:38] with_slim_log.INFO: Response: 200 OK [] {"uid":"bc13f7c"}
[2019-05-29 19:07:18] with_slim_log.INFO: Request: GET / [[]] {"uid":"2defc6b"}
[2019-05-29 19:07:18] with_slim_log.INFO: Response: 303 See Other [] {"uid":"2defc6b"}
[2019-05-29 19:07:18] with_slim_log.INFO: Request: GET /login [[]] {"uid":"69cca45"}
[2019-05-29 19:07:18] with_slim_log.INFO: Response: 200 OK [] {"uid":"69cca45"}
[2019-05-29 19:07:43] with_slim_log.INFO: Request: GET /login [[]] {"uid":"3142f4c"}
[2019-05-29 19:07:43] with_slim_log.INFO: Response: 200 OK [] {"uid":"3142f4c"}
[2019-05-29 19:07:49] with_slim_log.INFO: Request: GET /login [[]] {"uid":"f5baa36"}
[2019-05-29 19:07:49] with_slim_log.INFO: Response: 200 OK [] {"uid":"f5baa36"}
[2019-05-29 19:08:00] with_slim_log.INFO: Request: GET /login [[]] {"uid":"b746a69"}
[2019-05-29 19:08:00] with_slim_log.INFO: Response: 200 OK [] {"uid":"b746a69"}
[2019-05-29 19:08:50] with_slim_log.INFO: Request: GET /login [[]] {"uid":"698936f"}
[2019-05-29 19:08:50] with_slim_log.INFO: Response: 200 OK [] {"uid":"698936f"}
[2019-05-29 19:08:53] with_slim_log.INFO: Request: GET /login [[]] {"uid":"e0cfe92"}
[2019-05-29 19:08:53] with_slim_log.INFO: Response: 200 OK [] {"uid":"e0cfe92"}
[2019-05-29 19:08:57] with_slim_log.INFO: Request: GET /login [[]] {"uid":"9f7db2c"}
[2019-05-29 19:08:57] with_slim_log.INFO: Response: 200 OK [] {"uid":"9f7db2c"}
[2019-05-29 19:09:13] with_slim_log.INFO: Request: GET /login [[]] {"uid":"bff27c0"}
[2019-05-29 19:09:13] with_slim_log.INFO: Response: 200 OK [] {"uid":"bff27c0"}
[2019-05-29 19:09:15] with_slim_log.INFO: Request: GET /login [[]] {"uid":"276a6c2"}
[2019-05-29 19:09:15] with_slim_log.INFO: Response: 200 OK [] {"uid":"276a6c2"}
[2019-05-29 19:09:22] with_slim_log.INFO: Request: GET /login [[]] {"uid":"b46265c"}
[2019-05-29 19:09:22] with_slim_log.INFO: Response: 200 OK [] {"uid":"b46265c"}
[2019-05-29 19:09:27] with_slim_log.INFO: Request: GET /login [[]] {"uid":"282c654"}
[2019-05-29 19:09:27] with_slim_log.INFO: Response: 200 OK [] {"uid":"282c654"}
[2019-05-29 19:09:29] with_slim_log.INFO: Request: GET /login [[]] {"uid":"efba712"}
[2019-05-29 19:09:29] with_slim_log.INFO: Response: 200 OK [] {"uid":"efba712"}
[2019-05-29 19:09:36] with_slim_log.INFO: Request: GET /login [[]] {"uid":"54e50eb"}
[2019-05-29 19:09:36] with_slim_log.INFO: Response: 200 OK [] {"uid":"54e50eb"}
[2019-05-29 19:09:41] with_slim_log.INFO: Request: GET /login [[]] {"uid":"98090a5"}
[2019-05-29 19:09:41] with_slim_log.INFO: Response: 200 OK [] {"uid":"98090a5"}
[2019-05-29 19:09:48] with_slim_log.INFO: Request: GET /login [[]] {"uid":"3593d29"}
[2019-05-29 19:09:48] with_slim_log.INFO: Response: 200 OK [] {"uid":"3593d29"}
[2019-05-29 19:10:49] with_slim_log.INFO: Request: GET /login [[]] {"uid":"9241d49"}
[2019-05-29 19:10:49] with_slim_log.INFO: Response: 200 OK [] {"uid":"9241d49"}
[2019-05-29 19:10:50] with_slim_log.INFO: Request: POST /login [[]] {"uid":"bd9248a"}
[2019-05-29 19:10:50] with_slim_log.INFO: Response: 302 Found [] {"uid":"bd9248a"}
[2019-05-29 19:10:50] with_slim_log.INFO: Request: GET /login [[]] {"uid":"807ede9"}
[2019-05-29 19:10:50] with_slim_log.INFO: Response: 200 OK [] {"uid":"807ede9"}
[2019-05-29 19:10:54] with_slim_log.INFO: Request: POST /login [[]] {"uid":"943cd14"}
[2019-05-29 19:10:54] with_slim_log.INFO: Response: 302 Found [] {"uid":"943cd14"}
[2019-05-29 19:10:54] with_slim_log.INFO: Request: GET /login [[]] {"uid":"6dbd8e9"}
[2019-05-29 19:10:54] with_slim_log.INFO: Response: 200 OK [] {"uid":"6dbd8e9"}
[2019-05-29 19:11:05] with_slim_log.INFO: Request: GET /login [[]] {"uid":"b82ec90"}
[2019-05-29 19:11:05] with_slim_log.INFO: Response: 200 OK [] {"uid":"b82ec90"}
[2019-05-29 19:11:06] with_slim_log.INFO: Request: POST /login [[]] {"uid":"4fc7465"}
[2019-05-29 19:11:06] with_slim_log.INFO: Response: 302 Found [] {"uid":"4fc7465"}
[2019-05-29 19:11:06] with_slim_log.INFO: Request: GET /login [[]] {"uid":"e8dfcd5"}
[2019-05-29 19:11:06] with_slim_log.INFO: Response: 200 OK [] {"uid":"e8dfcd5"}
[2019-05-29 19:11:13] with_slim_log.INFO: Request: GET /login [[]] {"uid":"31660c0"}
[2019-05-29 19:11:13] with_slim_log.INFO: Response: 200 OK [] {"uid":"31660c0"}
[2019-05-29 19:11:14] with_slim_log.INFO: Request: POST /login [[]] {"uid":"6479b18"}
[2019-05-29 19:11:14] with_slim_log.INFO: Response: 302 Found [] {"uid":"6479b18"}
[2019-05-29 19:11:14] with_slim_log.INFO: Request: GET /login [[]] {"uid":"f494867"}
[2019-05-29 19:11:14] with_slim_log.INFO: Response: 200 OK [] {"uid":"f494867"}
[2019-05-29 19:11:22] with_slim_log.INFO: Request: GET /login [[]] {"uid":"29c4dd8"}
[2019-05-29 19:11:22] with_slim_log.INFO: Response: 200 OK [] {"uid":"29c4dd8"}
[2019-05-29 19:11:37] with_slim_log.INFO: Request: GET /login [[]] {"uid":"3f0a8fd"}
[2019-05-29 19:11:37] with_slim_log.INFO: Response: 200 OK [] {"uid":"3f0a8fd"}
[2019-05-29 19:11:39] with_slim_log.INFO: Request: POST /login [[]] {"uid":"f339cd1"}
[2019-05-29 19:11:39] with_slim_log.INFO: Response: 302 Found [] {"uid":"f339cd1"}
[2019-05-29 19:11:39] with_slim_log.INFO: Request: GET /login [[]] {"uid":"64d96fb"}
[2019-05-29 19:11:39] with_slim_log.INFO: Response: 200 OK [] {"uid":"64d96fb"}
[2019-05-29 19:11:58] with_slim_log.INFO: Request: GET /login [[]] {"uid":"b47c00d"}
[2019-05-29 19:11:58] with_slim_log.INFO: Response: 200 OK [] {"uid":"b47c00d"}
[2019-05-29 19:12:01] with_slim_log.INFO: Request: POST /login [[]] {"uid":"ae5af6c"}
[2019-05-29 19:12:01] with_slim_log.INFO: Response: 302 Found [] {"uid":"ae5af6c"}
[2019-05-29 19:12:01] with_slim_log.INFO: Request: GET /login [[]] {"uid":"a487358"}
[2019-05-29 19:12:01] with_slim_log.INFO: Response: 200 OK [] {"uid":"a487358"}
[2019-05-29 19:13:13] with_slim_log.INFO: Request: GET /login [[]] {"uid":"28bf255"}
[2019-05-29 19:13:13] with_slim_log.INFO: Response: 200 OK [] {"uid":"28bf255"}
[2019-05-29 19:15:37] with_slim_log.INFO: Request: GET /login [[]] {"uid":"2cecc36"}
[2019-05-29 19:15:37] with_slim_log.INFO: Response: 200 OK [] {"uid":"2cecc36"}
[2019-05-29 19:15:41] with_slim_log.INFO: Request: GET /login [[]] {"uid":"15a14c2"}
[2019-05-29 19:15:41] with_slim_log.INFO: Response: 200 OK [] {"uid":"15a14c2"}
[2019-05-29 19:16:02] with_slim_log.INFO: Request: GET /login [[]] {"uid":"1cf4691"}
[2019-05-29 19:16:02] with_slim_log.INFO: Response: 200 OK [] {"uid":"1cf4691"}
[2019-05-29 19:16:04] with_slim_log.INFO: Request: GET /password/forgot [[]] {"uid":"b9cc234"}
[2019-05-29 19:18:54] with_slim_log.INFO: Request: GET /password/forgot [[]] {"uid":"7aedafe"}
[2019-05-29 19:19:23] with_slim_log.INFO: Request: GET /password/forgot [[]] {"uid":"6078cde"}
[2019-05-29 19:19:23] with_slim_log.INFO: Response: 200 OK [] {"uid":"6078cde"}
[2019-05-29 19:19:46] with_slim_log.INFO: Request: GET /password/forgot [[]] {"uid":"18df38a"}
[2019-05-29 19:19:46] with_slim_log.INFO: Response: 200 OK [] {"uid":"18df38a"}
[2019-05-29 19:19:47] with_slim_log.INFO: Request: GET /login [[]] {"uid":"89e245d"}
[2019-05-29 19:19:47] with_slim_log.INFO: Response: 200 OK [] {"uid":"89e245d"}
[2019-05-29 19:19:50] with_slim_log.INFO: Request: GET /password/forgot [[]] {"uid":"0ce8adf"}
[2019-05-29 19:19:50] with_slim_log.INFO: Response: 200 OK [] {"uid":"0ce8adf"}
[2019-05-29 19:22:03] with_slim_log.INFO: Request: GET /login [[]] {"uid":"e8cb1a5"}
[2019-05-29 19:22:03] with_slim_log.INFO: Response: 200 OK [] {"uid":"e8cb1a5"}
[2019-05-29 19:22:06] with_slim_log.INFO: Request: GET /password/forgot [[]] {"uid":"ab73fdb"}
[2019-05-29 19:22:06] with_slim_log.INFO: Response: 200 OK [] {"uid":"ab73fdb"}
[2019-05-29 19:27:47] with_slim_log.INFO: Request: GET /login [[]] {"uid":"2c88453"}
[2019-05-29 19:27:47] with_slim_log.INFO: Response: 200 OK [] {"uid":"2c88453"}
[2019-05-29 19:27:49] with_slim_log.INFO: Request: GET /password/forgot [[]] {"uid":"1cd9dd7"}
[2019-05-29 19:27:49] with_slim_log.INFO: Response: 200 OK [] {"uid":"1cd9dd7"}
[2019-05-29 19:27:50] with_slim_log.INFO: Request: GET /login [[]] {"uid":"e9951a6"}
[2019-05-29 19:27:50] with_slim_log.INFO: Response: 200 OK [] {"uid":"e9951a6"}
[2019-05-29 19:27:51] with_slim_log.INFO: Request: GET /password/forgot [[]] {"uid":"3c8de7a"}
[2019-05-29 19:27:51] with_slim_log.INFO: Response: 200 OK [] {"uid":"3c8de7a"}
[2019-05-29 19:27:52] with_slim_log.INFO: Request: GET /login [[]] {"uid":"0f24eed"}
[2019-05-29 19:27:52] with_slim_log.INFO: Response: 200 OK [] {"uid":"0f24eed"}
[2019-05-29 19:27:53] with_slim_log.INFO: Request: GET /password/forgot [[]] {"uid":"eeb9fbf"}
[2019-05-29 19:27:53] with_slim_log.INFO: Response: 200 OK [] {"uid":"eeb9fbf"}
[2019-05-29 19:34:18] with_slim_log.INFO: Request: GET /login [[]] {"uid":"8104b13"}
[2019-05-29 19:34:18] with_slim_log.INFO: Response: 200 OK [] {"uid":"8104b13"}
[2019-05-29 19:34:51] with_slim_log.INFO: Request: GET /login [[]] {"uid":"fe3edc6"}
[2019-05-29 19:34:51] with_slim_log.INFO: Response: 200 OK [] {"uid":"fe3edc6"}
[2019-05-29 19:34:55] with_slim_log.INFO: Request: GET /dashboard [[]] {"uid":"bdef234"}
[2019-05-29 19:34:55] with_slim_log.INFO: Response: 302 Found [] {"uid":"bdef234"}
[2019-05-29 19:34:55] with_slim_log.INFO: Request: GET /login [[]] {"uid":"987ba68"}
[2019-05-29 19:34:55] with_slim_log.INFO: Response: 200 OK [] {"uid":"987ba68"}
[2019-05-29 19:35:17] with_slim_log.INFO: Request: POST /login [[]] {"uid":"59010ca"}
[2019-05-29 19:36:49] with_slim_log.INFO: Request: GET /login [[]] {"uid":"6243790"}
[2019-05-29 19:36:50] with_slim_log.INFO: Request: GET /login [[]] {"uid":"2f118eb"}
[2019-05-29 19:37:09] with_slim_log.INFO: Request: GET /login [[]] {"uid":"df3f9ad"}
[2019-05-29 19:37:09] with_slim_log.INFO: Response: 302 Found [] {"uid":"df3f9ad"}
[2019-05-29 19:37:10] with_slim_log.INFO: Request: GET /dashboard [[]] {"uid":"d688486"}
[2019-05-29 19:37:39] with_slim_log.INFO: Request: GET /dashboard [[]] {"uid":"0cbaf89"}
[2019-05-29 19:37:39] with_slim_log.INFO: Response: 200 OK [] {"uid":"0cbaf89"}
[2019-05-29 19:37:43] with_slim_log.INFO: Request: GET /dashboard [[]] {"uid":"c0bde8b"}
[2019-05-29 19:37:43] with_slim_log.INFO: Response: 200 OK [] {"uid":"c0bde8b"}
[2019-05-29 19:37:53] with_slim_log.INFO: Request: GET /login [[]] {"uid":"3c51122"}
[2019-05-29 19:37:53] with_slim_log.INFO: Response: 302 Found [] {"uid":"3c51122"}
[2019-05-29 19:37:53] with_slim_log.INFO: Request: GET /dashboard [[]] {"uid":"c21956f"}
[2019-05-29 19:37:53] with_slim_log.INFO: Response: 200 OK [] {"uid":"c21956f"}
[2019-05-29 19:37:58] with_slim_log.INFO: Request: GET /dashboard [[]] {"uid":"d79be71"}
[2019-05-29 19:37:58] with_slim_log.INFO: Response: 200 OK [] {"uid":"d79be71"}
[2019-05-29 19:40:50] with_slim_log.INFO: Request: GET /dashboard [[]] {"uid":"cb58881"}
[2019-05-29 19:40:57] with_slim_log.INFO: Request: GET /dashboard [[]] {"uid":"6379386"}
[2019-05-29 19:40:57] with_slim_log.INFO: Response: 200 OK [] {"uid":"6379386"}
[2019-05-29 19:41:04] with_slim_log.INFO: Request: GET /dashboard [[]] {"uid":"ccbf7ce"}
[2019-05-29 19:41:32] with_slim_log.INFO: Request: GET /dashboard [[]] {"uid":"e88650e"}
[2019-05-29 19:41:48] with_slim_log.INFO: Request: GET /dashboard [[]] {"uid":"f3da0c3"}
[2019-05-29 19:41:48] with_slim_log.INFO: Response: 200 OK [] {"uid":"f3da0c3"}
[2019-05-29 19:42:21] with_slim_log.INFO: Request: GET /dashboard [[]] {"uid":"ffca631"}
[2019-05-29 19:42:21] with_slim_log.INFO: Response: 200 OK [] {"uid":"ffca631"}
[2019-05-29 19:43:39] with_slim_log.INFO: Request: GET /dashboard [[]] {"uid":"bec7314"}
[2019-05-29 19:43:39] with_slim_log.INFO: Response: 200 OK [] {"uid":"bec7314"}
[2019-05-29 19:44:45] with_slim_log.INFO: Request: GET /dashboard [[]] {"uid":"2329507"}
[2019-05-29 19:44:45] with_slim_log.INFO: Response: 200 OK [] {"uid":"2329507"}
[2019-05-29 19:45:02] with_slim_log.INFO: Request: GET /dashboard [[]] {"uid":"df6bac8"}
[2019-05-29 19:45:02] with_slim_log.INFO: Response: 200 OK [] {"uid":"df6bac8"}
[2019-05-29 19:45:38] with_slim_log.INFO: Request: GET /dashboard [[]] {"uid":"99800ce"}
[2019-05-29 19:45:38] with_slim_log.INFO: Response: 200 OK [] {"uid":"99800ce"}
[2019-05-29 19:45:50] with_slim_log.INFO: Request: GET /dashboard [[]] {"uid":"19e8311"}
[2019-05-29 19:45:50] with_slim_log.INFO: Response: 200 OK [] {"uid":"19e8311"}
[2019-05-29 19:46:33] with_slim_log.INFO: Request: GET /dashboard [[]] {"uid":"2419636"}
[2019-05-29 19:46:33] with_slim_log.INFO: Response: 200 OK [] {"uid":"2419636"}
[2019-05-29 19:46:54] with_slim_log.INFO: Request: GET /dashboard [[]] {"uid":"ee070fc"}
[2019-05-29 19:46:54] with_slim_log.INFO: Response: 200 OK [] {"uid":"ee070fc"}
[2019-05-29 19:47:09] with_slim_log.INFO: Request: GET /dashboard [[]] {"uid":"e77878d"}
[2019-05-29 19:47:09] with_slim_log.INFO: Response: 200 OK [] {"uid":"e77878d"}
[2019-05-29 19:47:18] with_slim_log.INFO: Request: GET /dashboard [[]] {"uid":"8eb1305"}
[2019-05-29 19:47:18] with_slim_log.INFO: Response: 200 OK [] {"uid":"8eb1305"}
[2019-05-29 19:47:31] with_slim_log.INFO: Request: GET /dashboard [[]] {"uid":"b658ce0"}
[2019-05-29 19:47:31] with_slim_log.INFO: Response: 200 OK [] {"uid":"b658ce0"}
[2019-05-29 19:47:36] with_slim_log.INFO: Request: GET /dashboard [[]] {"uid":"512aa27"}
[2019-05-29 19:47:36] with_slim_log.INFO: Response: 200 OK [] {"uid":"512aa27"}
[2019-05-29 19:48:51] with_slim_log.INFO: Request: GET /dashboard [[]] {"uid":"3ebde52"}
[2019-05-29 19:48:51] with_slim_log.INFO: Response: 200 OK [] {"uid":"3ebde52"}
[2019-05-29 19:49:07] with_slim_log.INFO: Request: GET /dashboard [[]] {"uid":"2ca23e8"}
[2019-05-29 19:49:07] with_slim_log.INFO: Response: 200 OK [] {"uid":"2ca23e8"}
[2019-05-29 19:49:08] with_slim_log.INFO: Request: GET /dashboard [[]] {"uid":"49d1181"}
[2019-05-29 19:49:08] with_slim_log.INFO: Response: 200 OK [] {"uid":"49d1181"}
[2019-05-29 19:49:20] with_slim_log.INFO: Request: GET / [[]] {"uid":"c3454a5"}
[2019-05-29 19:49:20] with_slim_log.INFO: Response: 303 See Other [] {"uid":"c3454a5"}
[2019-05-29 19:49:20] with_slim_log.INFO: Request: GET /login [[]] {"uid":"f81f644"}
[2019-05-29 19:49:20] with_slim_log.INFO: Response: 302 Found [] {"uid":"f81f644"}
[2019-05-29 19:49:21] with_slim_log.INFO: Request: GET /dashboard [[]] {"uid":"be0a1d7"}
[2019-05-29 19:49:21] with_slim_log.INFO: Response: 200 OK [] {"uid":"be0a1d7"}
[2019-05-29 19:50:03] with_slim_log.INFO: Request: GET /dashboard [[]] {"uid":"4fdc3f2"}
[2019-05-29 19:50:03] with_slim_log.INFO: Response: 200 OK [] {"uid":"4fdc3f2"}
[2019-05-29 19:50:05] with_slim_log.INFO: Request: GET /logout [[]] {"uid":"b832137"}
[2019-05-29 19:50:05] with_slim_log.INFO: Response: 302 Found [] {"uid":"b832137"}
[2019-05-29 19:50:06] with_slim_log.INFO: Request: GET /login [[]] {"uid":"b1931c6"}
[2019-05-29 19:50:06] with_slim_log.INFO: Response: 200 OK [] {"uid":"b1931c6"}
[2019-05-29 19:50:12] with_slim_log.INFO: Request: POST /login [[]] {"uid":"38ffce9"}
[2019-05-29 19:50:13] with_slim_log.INFO: Response: 302 Found [] {"uid":"38ffce9"}
[2019-05-29 19:50:13] with_slim_log.INFO: Request: GET /dashboard [[]] {"uid":"4291f4e"}
[2019-05-29 19:50:13] with_slim_log.INFO: Response: 200 OK [] {"uid":"4291f4e"}
[2019-05-29 19:50:16] with_slim_log.INFO: Request: GET /dashboard [[]] {"uid":"1d45c0d"}
[2019-05-29 19:50:16] with_slim_log.INFO: Response: 200 OK [] {"uid":"1d45c0d"}
[2019-05-29 19:50:41] with_slim_log.INFO: Request: GET /dashboard [[]] {"uid":"31fe554"}
[2019-05-29 19:50:41] with_slim_log.INFO: Response: 200 OK [] {"uid":"31fe554"}
[2019-05-29 19:50:42] with_slim_log.INFO: Request: GET /dashboard [[]] {"uid":"c80c5c2"}
[2019-05-29 19:50:42] with_slim_log.INFO: Response: 200 OK [] {"uid":"c80c5c2"}
[2019-05-29 19:50:43] with_slim_log.INFO: Request: GET /dashboard [[]] {"uid":"4ff69d0"}
[2019-05-29 19:50:43] with_slim_log.INFO: Response: 200 OK [] {"uid":"4ff69d0"}
[2019-05-29 19:50:46] with_slim_log.INFO: Request: GET /dashboard [[]] {"uid":"c9f5a87"}
[2019-05-29 19:50:46] with_slim_log.INFO: Response: 200 OK [] {"uid":"c9f5a87"}
